2022-05-26 06:05:16,366;INFO;MainProcess;process shutting down
2022-05-25 23:51:47,177;INFO;ForkPoolWorker-1;child process calling self.run()
2022-05-25 23:51:47,180;INFO;ForkPoolWorker-2;child process calling self.run()
2022-05-25 23:51:47,182;INFO;ForkPoolWorker-3;child process calling self.run()
2022-05-25 23:51:47,183;INFO;ForkPoolWorker-4;child process calling self.run()
2022-05-25 23:52:04,235;INFO;MainProcess;process shutting down
2022-05-25 23:52:04,925;INFO;ForkPoolWorker-4;web_en_find;2022-05-25 23:51:47.187470;2022-05-25 23:52:04.925365;17.737899361000018;Failed
2022-05-25 23:52:17,651;INFO;MainProcess;process shutting down
2022-05-25 23:52:18,128;INFO;ForkPoolWorker-2;web_cn_page;2022-05-25 23:51:47.185728;2022-05-25 23:52:18.128099;30.942374821000044;Failed
2022-05-25 23:52:20,590;INFO;MainProcess;process shutting down
2022-05-25 23:52:20,831;INFO;MainProcess;process shutting down
2022-05-25 23:52:20,861;INFO;ForkPoolWorker-4;web_en_verify;2022-05-25 23:52:04.926137;2022-05-25 23:52:20.861178;15.93504897799994;Failed
2022-05-25 23:52:21,145;INFO;ForkPoolWorker-1;web_cn_click;2022-05-25 23:51:47.185375;2022-05-25 23:52:21.145690;33.96031787200002;Failed
2022-05-25 23:52:32,602;INFO;MainProcess;process shutting down
2022-05-25 23:52:33,091;INFO;ForkPoolWorker-2;web_cn_verify;2022-05-25 23:52:18.129260;2022-05-25 23:52:33.091649;14.962396496999986;Failed
2022-05-25 23:52:35,761;INFO;MainProcess;process shutting down
2022-05-25 23:52:36,251;INFO;ForkPoolWorker-1;web_cn_find;2022-05-25 23:52:21.146431;2022-05-25 23:52:36.251346;15.104923368999948;Failed
2022-05-25 23:52:48,882;INFO;MainProcess;process shutting down
2022-05-25 23:52:49,239;INFO;ForkPoolWorker-4;web_en_page;2022-05-25 23:52:20.861816;2022-05-25 23:52:49.239772;28.377964455999972;Failed
2022-05-25 23:52:55,066;INFO;MainProcess;process shutting down
2022-05-25 23:52:55,463;INFO;ForkPoolWorker-2;web_en_input;2022-05-25 23:52:33.092290;2022-05-25 23:52:55.463538;22.371257098;Failed
2022-05-25 23:52:58,602;INFO;MainProcess;process shutting down
2022-05-25 23:52:58,749;INFO;ForkPoolWorker-3;web_en_select;2022-05-25 23:51:47.188997;2022-05-25 23:52:58.749795;71.56078215100001;Failed
2022-05-25 23:53:06,731;INFO;MainProcess;process shutting down
2022-05-25 23:53:07,054;INFO;ForkPoolWorker-1;web_cn_swipe;2022-05-25 23:52:36.251952;2022-05-25 23:53:07.054708;30.80276482399995;Failed
2022-05-25 23:53:13,034;INFO;MainProcess;process shutting down
2022-05-25 23:53:13,309;INFO;ForkPoolWorker-2;web_cn_input;2022-05-25 23:52:55.464166;2022-05-25 23:53:13.309848;17.845690089000072;Failed
2022-05-25 23:53:15,271;INFO;MainProcess;process shutting down
2022-05-25 23:53:15,429;INFO;ForkPoolWorker-4;web_en_swipe;2022-05-25 23:52:49.240409;2022-05-25 23:53:15.428988;26.188618192000035;Failed
2022-05-25 23:53:20,160;INFO;MainProcess;process shutting down
2022-05-25 23:53:20,676;INFO;ForkPoolWorker-3;web_en_click;2022-05-25 23:52:58.750487;2022-05-25 23:53:20.676317;21.925838881000004;Failed
2022-05-25 23:53:24,488;INFO;MainProcess;process shutting down
2022-05-25 23:53:24,614;INFO;ForkPoolWorker-1;web_cn_record;2022-05-25 23:53:07.055366;2022-05-25 23:53:24.613936;17.55857683599993;Failed
2022-05-25 23:53:34,171;INFO;MainProcess;process shutting down
2022-05-25 23:53:34,291;INFO;ForkPoolWorker-4;web_en_record;2022-05-25 23:53:15.429645;2022-05-25 23:53:34.291224;18.86158732800004;Failed
2022-05-25 23:54:21,428;INFO;MainProcess;process shutting down
2022-05-25 23:54:21,503;INFO;ForkPoolWorker-2;web_cn_select;2022-05-25 23:53:13.310464;2022-05-25 23:54:21.503429;68.19297265199998;Failed
2022-05-25 23:54:21,504;INFO;ForkPoolWorker-3;process shutting down
2022-05-25 23:54:21,505;INFO;ForkPoolWorker-1;process shutting down
2022-05-25 23:54:21,506;INFO;ForkPoolWorker-2;process shutting down
2022-05-25 23:54:21,506;INFO;ForkPoolWorker-4;process shutting down
2022-05-25 23:54:21,772;INFO;ForkPoolWorker-5;child process calling self.run()
2022-05-25 23:54:21,774;INFO;ForkPoolWorker-6;child process calling self.run()
2022-05-25 23:54:33,952;INFO;MainProcess;process shutting down
2022-05-25 23:54:34,093;INFO;ForkPoolWorker-6;web_en_select;2022-05-25 23:54:21.775490;2022-05-25 23:54:34.093473;12.317986110999982;Failed
2022-05-25 23:55:28,921;INFO;MainProcess;process shutting down
2022-05-25 23:55:28,991;INFO;ForkPoolWorker-5;web_cn_select;2022-05-25 23:54:21.774381;2022-05-25 23:55:28.991548;67.21716988499998;Failed
2022-05-25 23:55:28,993;INFO;ForkPoolWorker-6;process shutting down
2022-05-25 23:55:28,994;INFO;ForkPoolWorker-5;process shutting down
2022-05-25 23:55:29,644;INFO;MainProcess;process shutting down
2022-05-26 00:08:44,849;INFO;MainProcess;process shutting down
2022-05-26 00:08:44,921;INFO;SpawnPoolWorker-3;web_cn_verify;2022-05-26 00:08:21.700863;2022-05-26 00:08:44.921866;23.2209228;Failed
2022-05-26 00:08:56,761;INFO;MainProcess;process shutting down
2022-05-26 00:08:57,482;INFO;SpawnPoolWorker-1;web_cn_page;2022-05-26 00:08:21.682862;2022-05-26 00:08:57.481844;35.7995885;Failed
2022-05-26 00:09:06,818;INFO;MainProcess;process shutting down
2022-05-26 00:09:07,348;INFO;SpawnPoolWorker-3;web_en_find;2022-05-26 00:08:44.922823;2022-05-26 00:09:07.348860;22.4256958;Failed
2022-05-26 00:09:07,442;INFO;MainProcess;process shutting down
2022-05-26 00:09:08,248;INFO;SpawnPoolWorker-4;web_en_click;2022-05-26 00:08:21.702862;2022-05-26 00:09:08.248863;46.5460864;Failed
2022-05-26 00:09:15,036;INFO;MainProcess;process shutting down
2022-05-26 00:09:15,106;INFO;SpawnPoolWorker-2;web_cn_click;2022-05-26 00:08:21.680862;2022-05-26 00:09:15.106870;53.4262608;Failed
2022-05-26 00:09:29,562;INFO;MainProcess;process shutting down
2022-05-26 00:09:29,627;INFO;SpawnPoolWorker-1;web_en_input;2022-05-26 00:08:57.482844;2022-05-26 00:09:29.627886;32.14479360000001;Failed
2022-05-26 00:09:41,742;INFO;MainProcess;process shutting down
2022-05-26 00:09:41,807;INFO;SpawnPoolWorker-4;web_en_page;2022-05-26 00:09:08.249863;2022-05-26 00:09:41.807899;33.557944799999994;Failed
2022-05-26 00:09:42,919;INFO;MainProcess;process shutting down
2022-05-26 00:09:43,259;INFO;SpawnPoolWorker-3;web_cn_swipe;2022-05-26 00:09:07.348860;2022-05-26 00:09:43.259901;35.9104923;Failed
2022-05-26 00:09:50,692;INFO;MainProcess;process shutting down
2022-05-26 00:09:51,210;INFO;SpawnPoolWorker-1;web_en_verify;2022-05-26 00:09:29.628888;2022-05-26 00:09:51.209905;21.581750400000004;Failed
2022-05-26 00:09:57,428;INFO;MainProcess;process shutting down
2022-05-26 00:09:57,496;INFO;SpawnPoolWorker-4;web_cn_find;2022-05-26 00:09:41.808901;2022-05-26 00:09:57.496908;15.688283900000002;Failed
2022-05-26 00:09:58,730;INFO;MainProcess;process shutting down
2022-05-26 00:09:58,817;INFO;SpawnPoolWorker-2;web_en_select;2022-05-26 00:09:15.107872;2022-05-26 00:09:58.817907;43.7104477;Failed
2022-05-26 00:10:02,697;INFO;MainProcess;process shutting down
2022-05-26 00:10:03,655;INFO;SpawnPoolWorker-3;web_cn_select;2022-05-26 00:09:43.260902;2022-05-26 00:10:03.654916;20.394548999999998;Failed
2022-05-26 00:10:14,768;INFO;MainProcess;process shutting down
2022-05-26 00:10:14,889;INFO;SpawnPoolWorker-1;web_en_record;2022-05-26 00:09:51.210905;2022-05-26 00:10:14.889946;23.6788198;Failed
2022-05-26 00:10:21,366;INFO;MainProcess;process shutting down
2022-05-26 00:10:21,445;INFO;SpawnPoolWorker-2;web_cn_record;2022-05-26 00:09:58.818909;2022-05-26 00:10:21.445346;22.626132499999997;Failed
2022-05-26 00:10:25,572;INFO;MainProcess;process shutting down
2022-05-26 00:10:25,638;INFO;SpawnPoolWorker-3;web_cn_input;2022-05-26 00:10:03.655915;2022-05-26 00:10:25.638104;21.981988799999996;Failed
2022-05-26 00:10:27,350;INFO;MainProcess;process shutting down
2022-05-26 00:10:27,417;INFO;SpawnPoolWorker-4;web_en_swipe;2022-05-26 00:09:57.497920;2022-05-26 00:10:27.417980;29.920033200000006;Failed
2022-05-26 00:10:27,418;INFO;SpawnPoolWorker-1;process shutting down
2022-05-26 00:10:27,418;INFO;SpawnPoolWorker-2;process shutting down
2022-05-26 00:10:27,418;INFO;SpawnPoolWorker-1;process exiting with exitcode 0
2022-05-26 00:10:27,419;INFO;SpawnPoolWorker-2;process exiting with exitcode 0
2022-05-26 00:10:27,427;INFO;SpawnPoolWorker-3;process shutting down
2022-05-26 00:10:27,427;INFO;SpawnPoolWorker-3;process exiting with exitcode 0
2022-05-26 00:10:27,428;INFO;SpawnPoolWorker-4;process shutting down
2022-05-26 00:10:27,428;INFO;SpawnPoolWorker-4;process exiting with exitcode 0
2022-05-26 00:10:31,483;INFO;MainProcess;process shutting down
2022-05-26 00:23:04,578;INFO;ForkPoolWorker-2;child process calling self.run()
2022-05-26 00:23:04,579;INFO;ForkPoolWorker-3;child process calling self.run()
2022-05-26 00:23:04,580;INFO;ForkPoolWorker-1;child process calling self.run()
2022-05-26 00:23:04,583;INFO;ForkPoolWorker-4;child process calling self.run()
2022-05-26 00:23:15,755;INFO;MainProcess;process shutting down
2022-05-26 00:23:15,863;INFO;ForkPoolWorker-4;web_en_verify;2022-05-26 00:23:04.589323;2022-05-26 00:23:15.863287;11.273967513999992;Failed
2022-05-26 00:23:23,419;INFO;MainProcess;process shutting down
2022-05-26 00:23:23,718;INFO;MainProcess;process shutting down
2022-05-26 00:23:23,817;INFO;ForkPoolWorker-4;web_cn_find;2022-05-26 00:23:15.863987;2022-05-26 00:23:23.817868;7.953889888000049;Failed
2022-05-26 00:23:24,115;INFO;ForkPoolWorker-2;web_cn_input;2022-05-26 00:23:04.585134;2022-05-26 00:23:24.115537;19.530406973000026;Failed
2022-05-26 00:23:29,197;INFO;MainProcess;process shutting down
2022-05-26 00:23:29,387;INFO;ForkPoolWorker-3;web_en_click;2022-05-26 00:23:04.587414;2022-05-26 00:23:29.387174;24.799766804999933;Failed
2022-05-26 00:23:31,495;INFO;MainProcess;process shutting down
2022-05-26 00:23:31,595;INFO;ForkPoolWorker-1;web_en_swipe;2022-05-26 00:23:04.587673;2022-05-26 00:23:31.594962;27.007292123000013;Failed
2022-05-26 00:23:38,782;INFO;MainProcess;process shutting down
2022-05-26 00:23:39,086;INFO;ForkPoolWorker-2;web_cn_select;2022-05-26 00:23:24.116234;2022-05-26 00:23:39.086393;14.970165968999936;Failed
2022-05-26 00:23:39,537;INFO;MainProcess;process shutting down
2022-05-26 00:23:39,653;INFO;ForkPoolWorker-1;web_en_find;2022-05-26 00:23:31.595599;2022-05-26 00:23:39.653278;8.057688620000022;Failed
2022-05-26 00:23:46,340;INFO;MainProcess;process shutting down
2022-05-26 00:23:46,503;INFO;ForkPoolWorker-4;web_cn_click;2022-05-26 00:23:23.818464;2022-05-26 00:23:46.503306;22.68485045099999;Failed
2022-05-26 00:23:54,801;INFO;MainProcess;process shutting down
2022-05-26 00:23:54,906;INFO;ForkPoolWorker-3;web_cn_swipe;2022-05-26 00:23:29.388052;2022-05-26 00:23:54.906017;25.517973573000063;Failed
2022-05-26 00:23:56,123;INFO;MainProcess;process shutting down
2022-05-26 00:23:56,205;INFO;ForkPoolWorker-2;web_en_input;2022-05-26 00:23:39.086996;2022-05-26 00:23:56.205276;17.118288656999994;Failed
2022-05-26 00:24:00,857;INFO;MainProcess;process shutting down
2022-05-26 00:24:01,441;INFO;ForkPoolWorker-1;web_en_page;2022-05-26 00:23:39.653887;2022-05-26 00:24:01.441113;21.787235115000044;Failed
2022-05-26 00:24:05,423;INFO;MainProcess;process shutting down
2022-05-26 00:24:06,047;INFO;MainProcess;process shutting down
2022-05-26 00:24:06,123;INFO;ForkPoolWorker-4;web_cn_record;2022-05-26 00:23:46.503922;2022-05-26 00:24:06.123762;19.619848559999923;Failed
2022-05-26 00:24:06,343;INFO;ForkPoolWorker-2;web_cn_verify;2022-05-26 00:23:56.205889;2022-05-26 00:24:06.343534;10.137652009000021;Failed
2022-05-26 00:24:17,158;INFO;MainProcess;process shutting down
2022-05-26 00:24:17,321;INFO;ForkPoolWorker-3;web_cn_page;2022-05-26 00:23:54.906620;2022-05-26 00:24:17.321349;22.414738678999925;Failed
2022-05-26 00:24:22,643;INFO;MainProcess;process shutting down
2022-05-26 00:24:22,721;INFO;ForkPoolWorker-4;web_en_record;2022-05-26 00:24:06.124381;2022-05-26 00:24:22.721391;16.597017428000072;Failed
2022-05-26 00:24:37,262;INFO;MainProcess;process shutting down
2022-05-26 00:24:37,341;INFO;ForkPoolWorker-1;web_en_select;2022-05-26 00:24:01.441740;2022-05-26 00:24:37.341594;35.89986401099998;Failed
2022-05-26 00:24:37,343;INFO;ForkPoolWorker-2;process shutting down
2022-05-26 00:24:37,344;INFO;ForkPoolWorker-3;process shutting down
2022-05-26 00:24:37,344;INFO;ForkPoolWorker-4;process shutting down
2022-05-26 00:24:37,346;INFO;ForkPoolWorker-1;process shutting down
2022-05-26 00:24:37,560;INFO;ForkPoolWorker-5;child process calling self.run()
2022-05-26 00:24:37,562;INFO;ForkPoolWorker-6;child process calling self.run()
2022-05-26 00:25:11,808;INFO;MainProcess;process shutting down
2022-05-26 00:25:11,886;INFO;ForkPoolWorker-5;web_cn_select;2022-05-26 00:24:37.563584;2022-05-26 00:25:11.886231;34.32265102500003;Failed
2022-05-26 00:25:44,328;INFO;MainProcess;process shutting down
2022-05-26 00:25:44,407;INFO;ForkPoolWorker-6;web_en_select;2022-05-26 00:24:37.563600;2022-05-26 00:25:44.407782;66.84418534099996;Failed
2022-05-26 00:25:44,410;INFO;ForkPoolWorker-5;process shutting down
2022-05-26 00:25:44,411;INFO;ForkPoolWorker-6;process shutting down
2022-05-26 00:25:46,522;INFO;MainProcess;process shutting down
